20.08.2013 8:14:21	Этот журнал содержит сведения об операции импорта схемы в проект "LessonProDatabase" на компьютере "GUSENKOVS", выполненной пользователем "gusenkovs".
20.08.2013 8:14:22	Импорт схемы базы данных начат.
20.08.2013 8:14:50	Идет сбор параметров базы данных
20.08.2013 8:14:50	Идет сбор пользователей
20.08.2013 8:14:50	Идет сбор ролей
20.08.2013 8:14:50	Идет сбор ролей приложений
20.08.2013 8:14:50	Идет сбор членств ролей
20.08.2013 8:14:50	Идет сбор файловых групп
20.08.2013 8:14:50	Идет сбор полнотекстовых каталогов
20.08.2013 8:14:50	Идет сбор сборок
20.08.2013 8:14:50	Идет сбор сертификатов
20.08.2013 8:14:50	Идет сбор асимметричных ключей
20.08.2013 8:14:50	Идет сбор симметричных ключей
20.08.2013 8:14:50	Идет сбор зашифрованных симметричных ключей
20.08.2013 8:14:50	Идет сбор схем
20.08.2013 8:14:50	Идет сбор коллекции схем XML
20.08.2013 8:14:50	Идет сбор определяемых пользователем типов данных
20.08.2013 8:14:50	Идет сбор определяемых пользователем типов
20.08.2013 8:14:50	Идет сбор табличных типов
20.08.2013 8:14:50	Сбор уникальных ключей для табличных типов
20.08.2013 8:14:50	Идет сбор первичных ключей для табличных типов
20.08.2013 8:14:50	Идет сбор проверочных ограничений для табличных типов
20.08.2013 8:14:50	Идет сбор ограничений по умолчанию для табличных типов
20.08.2013 8:14:50	Идет сбор функций секционирования
20.08.2013 8:14:51	Идет сбор схем секционирования
20.08.2013 8:14:51	Идет сбор функций
20.08.2013 8:14:51	Сбор зашифрованных функций
20.08.2013 8:15:00	Идет сбор статистических выражений
20.08.2013 8:15:00	Идет сбор процедур
20.08.2013 8:15:01	Сбор зашифрованных процедур
20.08.2013 8:15:01	Идет сбор таблиц
20.08.2013 8:15:01	Идет сбор первичных ключей
20.08.2013 8:15:01	Идет сбор ограничений уникальности
20.08.2013 8:15:01	Идет сбор внешних ключей
20.08.2013 8:15:01	Идет сбор ограничений по умолчанию
20.08.2013 8:15:01	Идет сбор проверочных ограничений
20.08.2013 8:15:01	Идет сбор представлений
20.08.2013 8:15:01	Сбор зашифрованных представлений
20.08.2013 8:15:02	Идет сбор индексов
20.08.2013 8:15:02	Идет сбор статистики
20.08.2013 8:15:02	Идет сбор списков стоп-слов полнотекстовых индексов
20.08.2013 8:15:02	Сбор списков свойств поиска
20.08.2013 8:15:02	Сбор свойств поиска
20.08.2013 8:15:02	Идет сбор полнотекстовых индексов
20.08.2013 8:15:02	Сбор индексов хранилища столбцов
20.08.2013 8:15:02	Идет сбор пространственных индексов
20.08.2013 8:15:02	Идет сбор XML-индексов
20.08.2013 8:15:02	Сбор селективных XML-индексов
20.08.2013 8:15:02	Сбор зашифрованных триггеров
20.08.2013 8:15:02	Идет сбор триггеров
20.08.2013 8:15:02	Идет сбор зашифрованных триггеров и триггеров ddl clr
20.08.2013 8:15:02	Идет сбор триггеров ddl
20.08.2013 8:15:02	Идет сбор синонимов
20.08.2013 8:15:02	Идет сбор значений по умолчанию
20.08.2013 8:15:02	Идет сбор привязок uddt ограничений данных
20.08.2013 8:15:02	Идет сбор правил
20.08.2013 8:15:02	Идет сбор привязок uddt ограничений данных
20.08.2013 8:15:02	Идет сбор типов сообщений
20.08.2013 8:15:02	Идет сбор списков ожидания
20.08.2013 8:15:02	Идет сбор контрактов
20.08.2013 8:15:02	Идет сбор служб
20.08.2013 8:15:02	Идет сбор уведомлений о событиях
20.08.2013 8:15:02	Идет сбор привязок удаленных служб
20.08.2013 8:15:02	Идет сбор приоритетов брокера
20.08.2013 8:15:02	Идет сбор подписей
20.08.2013 8:15:02	Идет сбор параметров сжатия данных
20.08.2013 8:15:02	Сбор типов последовательностей
20.08.2013 8:15:02	Идет сбор расширенных свойств
20.08.2013 8:15:03	Идет сбор учетных данных
20.08.2013 8:15:03	Идет сбор имен входа
20.08.2013 8:15:03	Идет сбор аудитов сервера
20.08.2013 8:15:04	Выполняется проверка проекта на наличие повторяющихся элементов
20.08.2013 8:15:04	Обработка повторяющегося элемента завершена
20.08.2013 8:15:05	Импорт базы данных завершен.
20.08.2013 8:15:05	summary операции импорта была сохранена по следующему пути: E:\LessonPro\InstallDatabase\InstallDatabase\LessonProDatabase\Журналы импорта схем\LessonProDatabase_20130820041421.log
20.08.2013 8:15:05	Для продолжения нажмите кнопку ''Готово''...
